# JRE version: Java(TM) SE Runtime Environment (17.0.12+8) (build 17.0.12+8-LTS-286)
# Java VM: Java HotSpot(TM) 64-Bit Server VM (17.0.12+8-LTS-286, mixed mode, sharing, tiered, compressed oops, compressed class ptrs, g1 gc, windows-amd64)
GC Precious Log:
 CPUs: 4 total, 4 available
 Memory: 16329M
 Large Page Support: Disabled
 NUMA Support: Disabled
 Compressed Oops: Enabled (Zero based)
 Heap Region Size: 2M
 Heap Min Capacity: 8M
 Heap Initial Capacity: 256M
 Heap Max Capacity: 4084M
 Pre-touch: Disabled
 Parallel Workers: 4
 Concurrent Workers: 1
 Concurrent Refinement Workers: 4
 Periodic GC: Disabled
Heap:
 garbage-first heap   total 55296K, used 31106K [0x0000000700c00000, 0x0000000800000000)
  region size 2048K, 5 young (10240K), 2 survivors (4096K)
 Metaspace       used 60543K, committed 61120K, reserved 1114112K
  class space    used 8061K, committed 8320K, reserved 1048576K
GC Heap History (20 events):
Event: 3.203 GC heap before
{Heap before GC invocations=7 (full 0):
 garbage-first heap   total 55296K, used 34113K [0x0000000700c00000, 0x0000000800000000)
  region size 2048K, 10 young (20480K), 1 survivors (2048K)
 Metaspace       used 27109K, committed 27392K, reserved 1114112K
  class space    used 3473K, committed 3584K, reserved 1048576K
}
Event: 3.205 GC heap after
{Heap after GC invocations=8 (full 0):
 garbage-first heap   total 55296K, used 16512K [0x0000000700c00000, 0x0000000800000000)
  region size 2048K, 1 young (2048K), 1 survivors (2048K)
 Metaspace       used 27109K, committed 27392K, reserved 1114112K
  class space    used 3473K, committed 3584K, reserved 1048576K
}
Event: 3.801 GC heap before
{Heap before GC invocations=8 (full 0):
 garbage-first heap   total 55296K, used 36992K [0x0000000700c00000, 0x0000000800000000)
  region size 2048K, 11 young (22528K), 1 survivors (2048K)
 Metaspace       used 30624K, committed 31104K, reserved 1114112K
  class space    used 4014K, committed 4224K, reserved 1048576K
}
Event: 3.805 GC heap after
{Heap after GC invocations=9 (full 0):
 garbage-first heap   total 55296K, used 18518K [0x0000000700c00000, 0x0000000800000000)
  region size 2048K, 2 young (4096K), 2 survivors (4096K)
 Metaspace       used 30624K, committed 31104K, reserved 1114112K
  class space    used 4014K, committed 4224K, reserved 1048576K
}
Event: 4.237 GC heap before
{Heap before GC invocations=9 (full 0):
 garbage-first heap   total 55296K, used 34902K [0x0000000700c00000, 0x0000000800000000)
  region size 2048K, 11 young (22528K), 2 survivors (4096K)
 Metaspace       used 33999K, committed 34432K, reserved 1114112K
  class space    used 4357K, committed 4544K, reserved 1048576K
}
Event: 4.241 GC heap after
{Heap after GC invocations=10 (full 0):
 garbage-first heap   total 55296K, used 20401K [0x0000000700c00000, 0x0000000800000000)
  region size 2048K, 1 young (2048K), 1 survivors (2048K)
 Metaspace       used 33999K, committed 34432K, reserved 1114112K
  class space    used 4357K, committed 4544K, reserved 1048576K
}
Event: 4.409 GC heap before
{Heap before GC invocations=10 (full 0):
 garbage-first heap   total 55296K, used 28593K [0x0000000700c00000, 0x0000000800000000)
  region size 2048K, 6 young (12288K), 1 survivors (2048K)
 Metaspace       used 35532K, committed 35968K, reserved 1114112K
  class space    used 4512K, committed 4736K, reserved 1048576K
}
Event: 4.411 GC heap after
{Heap after GC invocations=11 (full 0):
 garbage-first heap   total 55296K, used 20648K [0x0000000700c00000, 0x0000000800000000)
  region size 2048K, 2 young (4096K), 2 survivors (4096K)
 Metaspace       used 35532K, committed 35968K, reserved 1114112K
  class space    used 4512K, committed 4736K, reserved 1048576K
}
Event: 4.833 GC heap before
{Heap before GC invocations=12 (full 0):
 garbage-first heap   total 55296K, used 39080K [0x0000000700c00000, 0x0000000800000000)
  region size 2048K, 11 young (22528K), 2 survivors (4096K)
 Metaspace       used 37559K, committed 38016K, reserved 1114112K
  class space    used 4779K, committed 4992K, reserved 1048576K
}
Event: 4.836 GC heap after
{Heap after GC invocations=13 (full 0):
 garbage-first heap   total 55296K, used 21614K [0x0000000700c00000, 0x0000000800000000)
  region size 2048K, 1 young (2048K), 1 survivors (2048K)
 Metaspace       used 37559K, committed 38016K, reserved 1114112K
  class space    used 4779K, committed 4992K, reserved 1048576K
}
Event: 5.311 GC heap before
{Heap before GC invocations=13 (full 0):
 garbage-first heap   total 55296K, used 42094K [0x0000000700c00000, 0x0000000800000000)
  region size 2048K, 11 young (22528K), 1 survivors (2048K)
 Metaspace       used 42398K, committed 42880K, reserved 1114112K
  class space    used 5599K, committed 5824K, reserved 1048576K
}
Event: 5.314 GC heap after
{Heap after GC invocations=14 (full 0):
 garbage-first heap   total 55296K, used 22479K [0x0000000700c00000, 0x0000000800000000)
  region size 2048K, 2 young (4096K), 2 survivors (4096K)
 Metaspace       used 42398K, committed 42880K, reserved 1114112K
  class space    used 5599K, committed 5824K, reserved 1048576K
}
Event: 5.891 GC heap before
{Heap before GC invocations=14 (full 0):
 garbage-first heap   total 55296K, used 40911K [0x0000000700c00000, 0x0000000800000000)
  region size 2048K, 11 young (22528K), 2 survivors (4096K)
 Metaspace       used 50567K, committed 51008K, reserved 1114112K
  class space    used 6586K, committed 6784K, reserved 1048576K
}
Event: 5.894 GC heap after
{Heap after GC invocations=15 (full 0):
 garbage-first heap   total 55296K, used 24576K [0x0000000700c00000, 0x0000000800000000)
  region size 2048K, 2 young (4096K), 2 survivors (4096K)
 Metaspace       used 50567K, committed 51008K, reserved 1114112K
  class space    used 6586K, committed 6784K, reserved 1048576K
}
Event: 6.420 GC heap before
{Heap before GC invocations=15 (full 0):
 garbage-first heap   total 55296K, used 43008K [0x0000000700c00000, 0x0000000800000000)
  region size 2048K, 11 young (22528K), 2 survivors (4096K)
 Metaspace       used 54492K, committed 55040K, reserved 1114112K
  class space    used 7115K, committed 7360K, reserved 1048576K
}
Event: 6.424 GC heap after
{Heap after GC invocations=16 (full 0):
 garbage-first heap   total 55296K, used 26015K [0x0000000700c00000, 0x0000000800000000)
  region size 2048K, 2 young (4096K), 2 survivors (4096K)
 Metaspace       used 54492K, committed 55040K, reserved 1114112K
  class space    used 7115K, committed 7360K, reserved 1048576K
}
Event: 6.781 GC heap before
{Heap before GC invocations=16 (full 0):
 garbage-first heap   total 55296K, used 42399K [0x0000000700c00000, 0x0000000800000000)
  region size 2048K, 10 young (20480K), 2 survivors (4096K)
 Metaspace       used 58115K, committed 58688K, reserved 1114112K
  class space    used 7525K, committed 7808K, reserved 1048576K
}
Event: 6.785 GC heap after
{Heap after GC invocations=17 (full 0):
 garbage-first heap   total 55296K, used 26717K [0x0000000700c00000, 0x0000000800000000)
  region size 2048K, 2 young (4096K), 2 survivors (4096K)
 Metaspace       used 58115K, committed 58688K, reserved 1114112K
  class space    used 7525K, committed 7808K, reserved 1048576K
}
Event: 6.861 GC heap before
{Heap before GC invocations=17 (full 0):
 garbage-first heap   total 55296K, used 28765K [0x0000000700c00000, 0x0000000800000000)
  region size 2048K, 4 young (8192K), 2 survivors (4096K)
 Metaspace       used 59598K, committed 60160K, reserved 1114112K
  class space    used 7836K, committed 8128K, reserved 1048576K
}
Event: 6.863 GC heap after
{Heap after GC invocations=18 (full 0):
 garbage-first heap   total 55296K, used 27010K [0x0000000700c00000, 0x0000000800000000)
  region size 2048K, 2 young (4096K), 2 survivors (4096K)
 Metaspace       used 59598K, committed 60160K, reserved 1114112K
  class space    used 7836K, committed 8128K, reserved 1048576K
}

