<?xml version="1.0" encoding="UTF-8"?>
<testsuite xmlns:xsi="http://www.w3.org/2001/XMLSchema-instance" xsi:noNamespaceSchemaLocation="https://maven.apache.org/surefire/maven-surefire-plugin/xsd/surefire-test-report.xsd" version="3.0.2" name="com.proyecto.aplicacion.AplicacionApplicationTests" time="4.448" tests="1" errors="0" skipped="0" failures="0">
  <properties>
[...]
</properties>
  <testcase name="contextLoads" classname="com.proyecto.aplicacion.AplicacionApplicationTests" time="0.399">
    <system-out><![CDATA[23:50:51.691 [main] INFO org.springframework.test.context.support.AnnotationConfigContextLoaderUtils -- Could not detect default configuration classes for test class [com.proyecto.aplicacion.AplicacionApplicationTests]: AplicacionApplicationTests does not declare any static, non-private, non-final, nested classes annotated with @Configuration.
23:50:51.789 [main] INFO org.springframework.boot.test.context.SpringBootTestContextBootstrapper -- Found @SpringBootConfiguration com.proyecto.aplicacion.AplicacionApplication for test class com.proyecto.aplicacion.AplicacionApplicationTests
23:50:51.918 [main] INFO org.springframework.boot.devtools.restart.RestartApplicationListener -- Restart disabled due to context in which it is running

  .   ____          _            __ _ _
 /\\ / ___'_ __ _ _(_)_ __  __ _ \ \ \ \
( ( )\___ | '_ | '_| | '_ \/ _` | \ \ \ \
 \\/  ___)| |_)| | | | | || (_| |  ) ) ) )
  '  |____| .__|_| |_|_| |_\__, | / / / /
 =========|_|==============|___/=/_/_/_/

 :: Spring Boot ::                (v3.4.0)

2024-12-19T23:50:52.149-03:00  INFO 8564 --- [aplicacion] [           main] c.p.a.AplicacionApplicationTests         : Starting AplicacionApplicationTests using Java 23.0.1 with PID 8564 (started by Tuf in C:\Users\Tuf\Desktop\ProyectoPersonal\proyectoGrupal\aplicacion)
2024-12-19T23:50:52.150-03:00  INFO 8564 --- [aplicacion] [           main] c.p.a.AplicacionApplicationTests         : No active profile set, falling back to 1 default profile: "default"
2024-12-19T23:50:52.559-03:00  INFO 8564 --- [aplicacion] [           main] .s.d.r.c.RepositoryConfigurationDelegate : Bootstrapping Spring Data JPA repositories in DEFAULT mode.
2024-12-19T23:50:52.576-03:00  INFO 8564 --- [aplicacion] [           main] .i.s.PathMatchingResourcePatternResolver : Skipping search for files matching pattern [**/*.class]: directory [C:\Users\Tuf\Desktop\ProyectoPersonal\proyectoGrupal\aplicacion\target\test-classes\com\proyecto\repositorios] does not exist
2024-12-19T23:50:52.616-03:00  INFO 8564 --- [aplicacion] [           main] .i.s.PathMatchingResourcePatternResolver : Skipping search for files matching pattern [**/*Impl.class]: directory [C:\Users\Tuf\Desktop\ProyectoPersonal\proyectoGrupal\aplicacion\target\test-classes\com\proyecto\repositorios] does not exist
2024-12-19T23:50:52.626-03:00  INFO 8564 --- [aplicacion] [           main] .s.d.r.c.RepositoryConfigurationDelegate : Finished Spring Data repository scanning in 53 ms. Found 3 JPA repository interfaces.
2024-12-19T23:50:53.142-03:00  INFO 8564 --- [aplicacion] [           main] .i.s.PathMatchingResourcePatternResolver : Skipping search for files matching pattern [**/*.class]: directory [C:\Users\Tuf\Desktop\ProyectoPersonal\proyectoGrupal\aplicacion\target\test-classes\com\proyecto\modelos] does not exist
2024-12-19T23:50:53.179-03:00  INFO 8564 --- [aplicacion] [           main] o.hibernate.jpa.internal.util.LogHelper  : HHH000204: Processing PersistenceUnitInfo [name: default]
2024-12-19T23:50:53.242-03:00  INFO 8564 --- [aplicacion] [           main] org.hibernate.Version                    : HHH000412: Hibernate ORM core version 6.6.2.Final
2024-12-19T23:50:53.271-03:00  INFO 8564 --- [aplicacion] [           main] o.h.c.internal.RegionFactoryInitiator    : HHH000026: Second-level cache disabled
2024-12-19T23:50:53.626-03:00  INFO 8564 --- [aplicacion] [           main] o.s.o.j.p.SpringPersistenceUnitInfo      : No LoadTimeWeaver setup: ignoring JPA class transformer
2024-12-19T23:50:53.656-03:00  INFO 8564 --- [aplicacion] [           main] com.zaxxer.hikari.HikariDataSource       : HikariPool-1 - Starting...
2024-12-19T23:50:53.955-03:00  INFO 8564 --- [aplicacion] [           main] com.zaxxer.hikari.pool.HikariPool        : HikariPool-1 - Added connection com.mysql.cj.jdbc.ConnectionImpl@3e04abc5
2024-12-19T23:50:53.956-03:00  INFO 8564 --- [aplicacion] [           main] com.zaxxer.hikari.HikariDataSource       : HikariPool-1 - Start completed.
2024-12-19T23:50:54.022-03:00  INFO 8564 --- [aplicacion] [           main] org.hibernate.orm.connections.pooling    : HHH10001005: Database info:
	Database JDBC URL [Connecting through datasource 'HikariDataSource (HikariPool-1)']
	Database driver: undefined/unknown
	Database version: 8.4.3
	Autocommit mode: undefined/unknown
	Isolation level: undefined/unknown
	Minimum pool size: undefined/unknown
	Maximum pool size: undefined/unknown
2024-12-19T23:50:54.770-03:00  INFO 8564 --- [aplicacion] [           main] o.h.e.t.j.p.i.JtaPlatformInitiator       : HHH000489: No JTA platform available (set 'hibernate.transaction.jta.platform' to enable JTA platform integration)
2024-12-19T23:50:54.817-03:00  INFO 8564 --- [aplicacion] [           main] j.LocalContainerEntityManagerFactoryBean : Initialized JPA EntityManagerFactory for persistence unit 'default'
2024-12-19T23:50:55.258-03:00  WARN 8564 --- [aplicacion] [           main] JpaBaseConfiguration$JpaWebConfiguration : spring.jpa.open-in-view is enabled by default. Therefore, database queries may be performed during view rendering. Explicitly configure spring.jpa.open-in-view to disable this warning
2024-12-19T23:50:55.594-03:00  INFO 8564 --- [aplicacion] [           main] c.p.a.AplicacionApplicationTests         : Started AplicacionApplicationTests in 3.687 seconds (process running for 4.462)
]]></system-out>
    <system-err><![CDATA[Mockito is currently self-attaching to enable the inline-mock-maker. This will no longer work in future releases of the JDK. Please add Mockito as an agent to your build what is described in Mockito's documentation: https://javadoc.io/doc/org.mockito/mockito-core/latest/org/mockito/Mockito.html#0.3
WARNING: A Java agent has been loaded dynamically (C:\Users\Tuf\.m2\repository\net\bytebuddy\byte-buddy-agent\1.15.10\byte-buddy-agent-1.15.10.jar)
WARNING: If a serviceability tool is in use, please run with -XX:+EnableDynamicAgentLoading to hide this warning
WARNING: If a serviceability tool is not in use, please run with -Djdk.instrument.traceUsage for more information
WARNING: Dynamic loading of agents will be disallowed by default in a future release
]]></system-err>
  </testcase>
</testsuite>